<?xml version="1.0" encoding="UTF-8"?>
<!-- Generated by org.testng.reporters.JUnitReportReporter -->
<testsuite hostname="Harshal-InspironPC" failures="0" tests="1" name="com.imocha.testCases.TC_ImageProctoredTest" time="19.161" errors="0" timestamp="2024-08-09T11:38:09 IST" skipped="0">
  <testcase classname="com.imocha.testCases.TC_ImageProctoredTest" name="IPTest" time="19.161"/>
  <system-out/>
</testsuite> <!-- com.imocha.testCases.TC_ImageProctoredTest -->
