<?xml version="1.0" encoding="UTF-8"?>
<!-- Generated by org.testng.reporters.JUnitReportReporter -->
<testsuite hostname="Harshal-InspironPC" failures="0" tests="1" name="com.imocha.testCases.TC_CreateMyQuestion" time="10.068" errors="0" timestamp="2024-05-10T17:37:14 IST" skipped="0">
  <testcase classname="com.imocha.testCases.TC_CreateMyQuestion" name="createMyQuestion" time="10.068"/>
  <system-out/>
</testsuite> <!-- com.imocha.testCases.TC_CreateMyQuestion -->
