<?xml version="1.0" encoding="UTF-8"?>
<!-- Generated by org.testng.reporters.JUnitReportReporter -->
<testsuite hostname="Harshal-InspironPC" failures="0" tests="1" name="com.imocha.testCases.TC_LoginTest_001" time="13.417" errors="0" timestamp="2023-03-28T16:09:42 IST" skipped="0">
  <testcase classname="com.imocha.testCases.TC_LoginTest_001" name="loginTest" time="13.417"/>
  <system-out/>
</testsuite> <!-- com.imocha.testCases.TC_LoginTest_001 -->
