<?xml version="1.0" encoding="UTF-8"?>
<!-- Generated by org.testng.reporters.JUnitReportReporter -->
<testsuite hostname="Harshal-InspironPC" failures="0" tests="1" name="com.imocha.testCases.TC_LoginTest_001" time="11.246" errors="0" timestamp="2023-04-04T12:15:32 IST" skipped="0">
  <testcase classname="com.imocha.testCases.TC_LoginTest_001" name="loginTest" time="11.246"/>
  <system-out/>
</testsuite> <!-- com.imocha.testCases.TC_LoginTest_001 -->
