<?xml version="1.0" encoding="UTF-8"?>
<!-- Generated by org.testng.reporters.JUnitReportReporter -->
<testsuite hostname="Harshal-InspironPC" failures="0" tests="1" name="com.imocha.testCases.TC_ImageProctoredTest" time="21.913" errors="0" timestamp="2024-05-10T18:21:14 IST" skipped="0">
  <testcase classname="com.imocha.testCases.TC_ImageProctoredTest" name="IPTest" time="21.913"/>
  <system-out/>
</testsuite> <!-- com.imocha.testCases.TC_ImageProctoredTest -->
