<?xml version="1.0" encoding="UTF-8"?>
<!-- Generated by org.testng.reporters.JUnitReportReporter -->
<testsuite hostname="Harshal-InspironPC" failures="0" tests="1" name="com.imocha.testCases.TC_CreateTest" time="69.798" errors="0" timestamp="2024-02-15T16:07:25 IST" skipped="0">
  <testcase classname="com.imocha.testCases.TC_CreateTest" name="createTest" time="69.798"/>
  <system-out/>
</testsuite> <!-- com.imocha.testCases.TC_CreateTest -->
