<?xml version="1.0" encoding="UTF-8"?>
<!-- Generated by org.testng.reporters.JUnitReportReporter -->
<testsuite hostname="Harshal-InspironPC" failures="0" tests="1" name="com.imocha.testCases.TC_LoginTest_001" time="9.508" errors="0" timestamp="2024-05-02T19:41:08 IST" skipped="0">
  <testcase classname="com.imocha.testCases.TC_LoginTest_001" name="loginTest" time="9.508"/>
  <system-out/>
</testsuite> <!-- com.imocha.testCases.TC_LoginTest_001 -->
